Arguments: 
  /home/linuxbrew/.linuxbrew/Cellar/node/11.5.0/bin/node /usr/share/yarn/bin/yarn.js init

PATH: 
  /home/WebJelly/.linuxbrew/bin:/home/WebJelly/.linuxbrew/bin:/usr/lib64/qt-3.3/bin:/usr/share/Modules/bin:/home/linuxbrew/.linuxbrew/bin:/home/linuxbrew/.linuxbrew/sbin:/usr/local/bin:/usr/local/sbin:/usr/bin:/usr/sbin:/home/WebJelly/.rvm/bin:/home/WebJelly/bin:/home/WebJelly/.composer/vendor/bin:/usr/local/bin:/opt:/home/WebJelly/.npm/bin:/opt/yarn-[version]/bin:/home/WebJelly/.yarn/bin:/usr/share/gems:/usr/bin/ruby:/usr/local/share/gems:/bin:/home/WebJelly/.rvm/bin:/usr/local/bin:/opt:/home/WebJelly/.npm/bin:/opt/yarn-[version]/bin:/home/WebJelly/.yarn/bin:/usr/share/gems:/usr/bin/ruby:/usr/local/share/gems:/bin:/home/WebJelly/.rvm/bin

Yarn version: 
  1.13.0

Node version: 
  11.5.0

Platform: 
  linux x64

Trace: 
  Error: canceled
      at Interface.<anonymous> (/usr/share/yarn/lib/cli.js:125657:13)
      at Interface.emit (events.js:189:13)
      at Interface._ttyWrite (readline.js:801:16)
      at ReadStream.onkeypress (readline.js:184:10)
      at ReadStream.emit (events.js:189:13)
      at emitKeys (internal/readline.js:424:14)
      at emitKeys.next (<anonymous>)
      at ReadStream.onData (readline.js:1073:36)
      at ReadStream.emit (events.js:189:13)
      at addChunk (_stream_readable.js:288:12)

npm manifest: 
  No manifest

yarn manifest: 
  No manifest

Lockfile: 
  No lockfile
